<?xml version="1.0" encoding="UTF-8"?>
<testsuite xmlns:xsi="http://www.w3.org/2001/XMLSchema-instance" xsi:noNamespaceSchemaLocation="https://maven.apache.org/surefire/maven-surefire-plugin/xsd/surefire-test-report.xsd" version="3.0.2" name="TestSuite" time="7.632" tests="3" errors="0" skipped="0" failures="1">
  <properties>
[...]
</properties>
  <testcase name="runScenario[&quot;Successfully add a new object via generic POST step&quot;, &quot;Add new object to the system&quot;](1)" classname="cucumber.runners.TestRunner" time="4.386">
    <failure message="1 expectation failed.&#10;Response body doesn&apos;t match expectation.&#10;Expected: The content to match the given JSON schema.&#10;error: instance type (array) does not match any allowed primitive type (allowed: [&quot;object&quot;])&#10;    level: &quot;error&quot;&#10;    schema: {&quot;loadingURI&quot;:&quot;file:/D:/BelajarSelenium/Bootcamp%20Selenium%20After%20Office/seleniumproject/target/test-classes/schema_addObject.json#&quot;,&quot;pointer&quot;:&quot;&quot;}&#10;    instance: {&quot;pointer&quot;:&quot;&quot;}&#10;    domain: &quot;validation&quot;&#10;    keyword: &quot;type&quot;&#10;    found: &quot;array&quot;&#10;    expected: [&quot;object&quot;]&#10;&#10;  Actual: [{&quot;id&quot;:838,&quot;name&quot;:&quot;PC Gaming&quot;,&quot;data&quot;:{&quot;year&quot;:&quot;2025&quot;,&quot;price&quot;:2549.99,&quot;cpu_model&quot;:&quot;Intel Core i9&quot;,&quot;hard_disk_size&quot;:&quot;1 TB&quot;,&quot;color&quot;:&quot;Black&quot;,&quot;capacity&quot;:&quot;2 cpu&quot;,&quot;screen_size&quot;:&quot;16 Inch&quot;}}]&#10;" type="java.lang.AssertionError"><![CDATA[java.lang.AssertionError: 
1 expectation failed.
Response body doesn't match expectation.
Expected: The content to match the given JSON schema.
error: instance type (array) does not match any allowed primitive type (allowed: ["object"])
    level: "error"
    schema: {"loadingURI":"file:/D:/BelajarSelenium/Bootcamp%20Selenium%20After%20Office/seleniumproject/target/test-classes/schema_addObject.json#","pointer":""}
    instance: {"pointer":""}
    domain: "validation"
    keyword: "type"
    found: "array"
    expected: ["object"]

  Actual: [{"id":838,"name":"PC Gaming","data":{"year":"2025","price":2549.99,"cpu_model":"Intel Core i9","hard_disk_size":"1 TB","color":"Black","capacity":"2 cpu","screen_size":"16 Inch"}}]

	at java.base/jdk.internal.reflect.DirectConstructorHandleAccessor.newInstance(DirectConstructorHandleAccessor.java:62)
	at java.base/java.lang.reflect.Constructor.newInstanceWithCaller(Constructor.java:502)
	at java.base/java.lang.reflect.Constructor.newInstance(Constructor.java:486)
	at org.codehaus.groovy.reflection.CachedConstructor.invoke(CachedConstructor.java:73)
	at org.codehaus.groovy.runtime.callsite.ConstructorSite$ConstructorSiteNoUnwrapNoCoerce.callConstructor(ConstructorSite.java:108)
	at org.codehaus.groovy.runtime.callsite.CallSiteArray.defaultCallConstructor(CallSiteArray.java:57)
	at org.codehaus.groovy.runtime.callsite.AbstractCallSite.callConstructor(AbstractCallSite.java:263)
	at org.codehaus.groovy.runtime.callsite.AbstractCallSite.callConstructor(AbstractCallSite.java:277)
	at io.restassured.internal.ResponseSpecificationImpl$HamcrestAssertionClosure.validate(ResponseSpecificationImpl.groovy:512)
	at io.restassured.internal.ResponseSpecificationImpl$HamcrestAssertionClosure$validate$1.call(Unknown Source)
	at io.restassured.internal.ResponseSpecificationImpl.validateResponseIfRequired(ResponseSpecificationImpl.groovy:696)
	at io.restassured.internal.ResponseSpecificationImpl.this$2$validateResponseIfRequired(ResponseSpecificationImpl.groovy)
	at java.base/jdk.internal.reflect.DirectMethodHandleAccessor.invoke(DirectMethodHandleAccessor.java:103)
	at java.base/java.lang.reflect.Method.invoke(Method.java:580)
	at org.codehaus.groovy.runtime.callsite.PlainObjectMetaMethodSite.doInvoke(PlainObjectMetaMethodSite.java:43)
	at org.codehaus.groovy.runtime.callsite.PogoMetaMethodSite$PogoCachedMethodSiteNoUnwrapNoCoerce.invoke(PogoMetaMethodSite.java:198)
	at org.codehaus.groovy.runtime.callsite.PogoMetaMethodSite.callCurrent(PogoMetaMethodSite.java:62)
	at org.codehaus.groovy.runtime.callsite.CallSiteArray.defaultCallCurrent(CallSiteArray.java:49)
	at org.codehaus.groovy.runtime.callsite.AbstractCallSite.callCurrent(AbstractCallSite.java:171)
	at org.codehaus.groovy.runtime.callsite.AbstractCallSite.callCurrent(AbstractCallSite.java:185)
	at io.restassured.internal.ResponseSpecificationImpl.body(ResponseSpecificationImpl.groovy:107)
	at io.restassured.internal.ValidatableResponseOptionsImpl.body(ValidatableResponseOptionsImpl.java:238)
	at cucumber.definitions.addUser.validateJsonSchema(addUser.java:46)
	at ✽.The response schema should be match with schema "schema_addObject.json"(file:///D:/BelajarSelenium/Bootcamp%20Selenium%20After%20Office/seleniumproject/src/test/resources/features/addObject.feature:32)
]]></failure>
    <system-out><![CDATA[>>> TestRunner loaded

Scenario: Successfully add a new object via generic POST step                 # src/test/resources/features/addObject.feature:15
  Given The base url in this feature is "https://whitesmokehouse.com/webhook" # cucumber.definitions.addUser.setBaseUrl(java.lang.String)
  When Send a http "POST" request to "/api/login" with body:                  # cucumber.definitions.addUser.sendRequestWithBody(java.lang.String,java.lang.String,java.lang.String)
    """
    {
      "email": "dirwan100@gmail.com",
      "password": "Bintaro1!"
    }
    """
  Then The response status must be 200                                        # cucumber.definitions.addUser.validateResponseStatus(int)
Token saved: eyJhbGciOiJIUzI1NiIsInR5cCI6IkpXVCJ9.eyJpZCI6IjMyNSIsImlhdCI6MTc0ODI0NDgzNn0.XAgvikSblSQjj-PKdCAu4aK45XQU3BwEWDUEinOXfkI
  And Save the token from the response to local storage                       # cucumber.definitions.addUser.saveTokenFromResponse()
  When Send a http "POST" request to "/api/objects" with body:                # cucumber.definitions.addUser.sendRequestWithBody(java.lang.String,java.lang.String,java.lang.String)
    """
    {
      "name": "PC Gaming",
      "data": {
        "year": 2025,
        "price": 2549.99,
        "cpu_model": "Intel Core i9",
        "hard_disk_size": "1 TB",
        "capacity": "2 cpu",
        "screen_size": "16 Inch",
        "color": "Black"
      }
    }
    """
  Then The response status must be 200                                        # cucumber.definitions.addUser.validateResponseStatus(int)
  And The response schema should be match with schema "schema_addObject.json" # cucumber.definitions.addUser.validateJsonSchema(java.lang.String)
      java.lang.AssertionError: 1 expectation failed.
      Response body doesn't match expectation.
      Expected: The content to match the given JSON schema.
      error: instance type (array) does not match any allowed primitive type (allowed: ["object"])
          level: "error"
          schema: {"loadingURI":"file:/D:/BelajarSelenium/Bootcamp%20Selenium%20After%20Office/seleniumproject/target/test-classes/schema_addObject.json#","pointer":""}
          instance: {"pointer":""}
          domain: "validation"
          keyword: "type"
          found: "array"
          expected: ["object"]
      
        Actual: [{"id":838,"name":"PC Gaming","data":{"year":"2025","price":2549.99,"cpu_model":"Intel Core i9","hard_disk_size":"1 TB","color":"Black","capacity":"2 cpu","screen_size":"16 Inch"}}]
      
      	at java.base/jdk.internal.reflect.DirectConstructorHandleAccessor.newInstance(DirectConstructorHandleAccessor.java:62)
      	at java.base/java.lang.reflect.Constructor.newInstanceWithCaller(Constructor.java:502)
      	at java.base/java.lang.reflect.Constructor.newInstance(Constructor.java:486)
      	at org.codehaus.groovy.reflection.CachedConstructor.invoke(CachedConstructor.java:73)
      	at org.codehaus.groovy.runtime.callsite.ConstructorSite$ConstructorSiteNoUnwrapNoCoerce.callConstructor(ConstructorSite.java:108)
      	at org.codehaus.groovy.runtime.callsite.CallSiteArray.defaultCallConstructor(CallSiteArray.java:57)
      	at org.codehaus.groovy.runtime.callsite.AbstractCallSite.callConstructor(AbstractCallSite.java:263)
      	at org.codehaus.groovy.runtime.callsite.AbstractCallSite.callConstructor(AbstractCallSite.java:277)
      	at io.restassured.internal.ResponseSpecificationImpl$HamcrestAssertionClosure.validate(ResponseSpecificationImpl.groovy:512)
      	at io.restassured.internal.ResponseSpecificationImpl$HamcrestAssertionClosure$validate$1.call(Unknown Source)
      	at io.restassured.internal.ResponseSpecificationImpl.validateResponseIfRequired(ResponseSpecificationImpl.groovy:696)
      	at io.restassured.internal.ResponseSpecificationImpl.this$2$validateResponseIfRequired(ResponseSpecificationImpl.groovy)
      	at java.base/jdk.internal.reflect.DirectMethodHandleAccessor.invoke(DirectMethodHandleAccessor.java:103)
      	at java.base/java.lang.reflect.Method.invoke(Method.java:580)
      	at org.codehaus.groovy.runtime.callsite.PlainObjectMetaMethodSite.doInvoke(PlainObjectMetaMethodSite.java:43)
      	at org.codehaus.groovy.runtime.callsite.PogoMetaMethodSite$PogoCachedMethodSiteNoUnwrapNoCoerce.invoke(PogoMetaMethodSite.java:198)
      	at org.codehaus.groovy.runtime.callsite.PogoMetaMethodSite.callCurrent(PogoMetaMethodSite.java:62)
      	at org.codehaus.groovy.runtime.callsite.CallSiteArray.defaultCallCurrent(CallSiteArray.java:49)
      	at org.codehaus.groovy.runtime.callsite.AbstractCallSite.callCurrent(AbstractCallSite.java:171)
      	at org.codehaus.groovy.runtime.callsite.AbstractCallSite.callCurrent(AbstractCallSite.java:185)
      	at io.restassured.internal.ResponseSpecificationImpl.body(ResponseSpecificationImpl.groovy:107)
      	at io.restassured.internal.ValidatableResponseOptionsImpl.body(ValidatableResponseOptionsImpl.java:238)
      	at cucumber.definitions.addUser.validateJsonSchema(addUser.java:46)
      	at ✽.The response schema should be match with schema "schema_addObject.json"(file:///D:/BelajarSelenium/Bootcamp%20Selenium%20After%20Office/seleniumproject/src/test/resources/features/addObject.feature:32)
  And The response body should contain "name" with value "PC Gaming"
]]></system-out>
    <system-err><![CDATA[SLF4J: Failed to load class "org.slf4j.impl.StaticLoggerBinder".
SLF4J: Defaulting to no-operation (NOP) logger implementation
SLF4J: See http://www.slf4j.org/codes.html#StaticLoggerBinder for further details.
]]></system-err>
  </testcase>
  <testcase name="runScenario[&quot;Register a new user&quot;, &quot;Employee API&quot;](2)" classname="cucumber.runners.TestRunner" time="0.915">
    <system-out><![CDATA[
Scenario: Register a new user                                                 # src/test/resources/features/addUser.feature:6
  Given The base url in this feature is "https://whitesmokehouse.com/webhook" # cucumber.definitions.addUser.setBaseUrl(java.lang.String)
  When Send a http "POST" request to "/api/register" with body:               # cucumber.definitions.addUser.sendRequestWithBody(java.lang.String,java.lang.String,java.lang.String)
    """
    {
      "email": "dirwan543@gmail.com",
      "full_name": "dirwan tea",
      "password": "Bintaro1!",
      "department": "Technology",
      "phone_number": "085590932219"
    }
    """
  Then The response status must be 200                                        # cucumber.definitions.addUser.validateResponseStatus(int)
  And The response schema should be match with schema "schema_register.json"  # cucumber.definitions.addUser.validateJsonSchema(java.lang.String)
]]></system-out>
  </testcase>
  <testcase name="runScenario[&quot;Login user and save token&quot;, &quot;Employee API&quot;](3)" classname="cucumber.runners.TestRunner" time="0.685">
    <system-out><![CDATA[
Scenario: Login user and save token                                           # src/test/resources/features/addUser.feature:20
  Given The base url in this feature is "https://whitesmokehouse.com/webhook" # cucumber.definitions.addUser.setBaseUrl(java.lang.String)
  When Send a http "POST" request to "/api/login" with body:                  # cucumber.definitions.addUser.sendRequestWithBody(java.lang.String,java.lang.String,java.lang.String)
    """
    {
      "email": "dirwan543@gmail.com",
      "password": "Bintaro1!"
    }
    """
  Then The response status must be 200                                        # cucumber.definitions.addUser.validateResponseStatus(int)
Token saved: eyJhbGciOiJIUzI1NiIsInR5cCI6IkpXVCJ9.eyJpZCI6Ijg0NiIsImlhdCI6MTc0ODI0NDg0MH0.78_Up4RLfmOLGLZvZWrjyYJW-7zf2neLHDffW60Y4As
  And Save the token from the response to local storage                       # cucumber.definitions.addUser.saveTokenFromResponse()
]]></system-out>
  </testcase>
</testsuite>